# JRE version: OpenJDK Runtime Environment Temurin-21.0.10+7 (21.0.10+7) (build 21.0.10+7-LTS)
# Java VM: OpenJDK 64-Bit Server VM Temurin-21.0.10+7 (21.0.10+7-LTS, mixed mode, sharing, tiered, compressed oops, compressed class ptrs, parallel gc, windows-amd64)
GC Precious Log:
 CardTable entry size: 512
 CPUs: 2 total, 2 available
 Memory: 3460M
 Large Page Support: Disabled
 NUMA Support: Disabled
 Compressed Oops: Enabled (32-bit)
 Alignments: Space 512K, Generation 512K, Heap 2M
 Heap Min Capacity: 100M
 Heap Initial Capacity: 100M
 Heap Max Capacity: 2G
 Pre-touch: Disabled
 Parallel Workers: 2
Heap:
 PSYoungGen      total 4096K, used 990K [0x00000000d5580000, 0x00000000d5c80000, 0x0000000100000000)
  eden space 3584K, 22% used [0x00000000d5580000,0x00000000d5647850,0x00000000d5900000)
  from space 512K, 37% used [0x00000000d5c00000,0x00000000d5c30000,0x00000000d5c80000)
  to   space 512K, 0% used [0x00000000d5b80000,0x00000000d5b80000,0x00000000d5c00000)
 ParOldGen       total 277504K, used 277114K [0x0000000080000000, 0x0000000090f00000, 0x00000000d5580000)
  object space 277504K, 99% used [0x0000000080000000,0x0000000090e9e8b8,0x0000000090f00000)
 Metaspace       used 72491K, committed 74176K, reserved 1179648K
  class space    used 7366K, committed 8064K, reserved 1048576K
GC Heap History (20 events):
Event: 837.428 GC heap before
{Heap before GC invocations=324 (full 3):
 PSYoungGen      total 5632K, used 5511K [0x00000000d5580000, 0x00000000d5f80000, 0x0000000100000000)
  eden space 3584K, 100% used [0x00000000d5580000,0x00000000d5900000,0x00000000d5900000)
  from space 2048K, 94% used [0x00000000d5d80000,0x00000000d5f61c60,0x00000000d5f80000)
  to   space 2560K, 0% used [0x00000000d5a80000,0x00000000d5a80000,0x00000000d5d00000)
 ParOldGen       total 272896K, used 272819K [0x0000000080000000, 0x0000000090a80000, 0x00000000d5580000)
  object space 272896K, 99% used [0x0000000080000000,0x0000000090a6ccd8,0x0000000090a80000)
 Metaspace       used 70955K, committed 72512K, reserved 1114112K
  class space    used 7208K, committed 7808K, reserved 1048576K
}
Event: 837.434 GC heap after
{Heap after GC invocations=324 (full 3):
 PSYoungGen      total 4608K, used 576K [0x00000000d5580000, 0x00000000d5e00000, 0x0000000100000000)
  eden space 3584K, 0% used [0x00000000d5580000,0x00000000d5580000,0x00000000d5900000)
  from space 1024K, 56% used [0x00000000d5a80000,0x00000000d5b10000,0x00000000d5b80000)
  to   space 1536K, 0% used [0x00000000d5c80000,0x00000000d5c80000,0x00000000d5e00000)
 ParOldGen       total 274944K, used 274609K [0x0000000080000000, 0x0000000090c80000, 0x00000000d5580000)
  object space 274944K, 99% used [0x0000000080000000,0x0000000090c2c7e8,0x0000000090c80000)
 Metaspace       used 70955K, committed 72512K, reserved 1114112K
  class space    used 7208K, committed 7808K, reserved 1048576K
}
Event: 839.270 GC heap before
{Heap before GC invocations=325 (full 3):
 PSYoungGen      total 4608K, used 4160K [0x00000000d5580000, 0x00000000d5e00000, 0x0000000100000000)
  eden space 3584K, 100% used [0x00000000d5580000,0x00000000d5900000,0x00000000d5900000)
  from space 1024K, 56% used [0x00000000d5a80000,0x00000000d5b10000,0x00000000d5b80000)
  to   space 1536K, 0% used [0x00000000d5c80000,0x00000000d5c80000,0x00000000d5e00000)
 ParOldGen       total 274944K, used 274609K [0x0000000080000000, 0x0000000090c80000, 0x00000000d5580000)
  object space 274944K, 99% used [0x0000000080000000,0x0000000090c2c7e8,0x0000000090c80000)
 Metaspace       used 70981K, committed 72512K, reserved 1114112K
  class space    used 7209K, committed 7808K, reserved 1048576K
}
Event: 839.285 GC heap after
{Heap after GC invocations=325 (full 3):
 PSYoungGen      total 4608K, used 520K [0x00000000d5580000, 0x00000000d5d80000, 0x0000000100000000)
  eden space 3584K, 0% used [0x00000000d5580000,0x00000000d5580000,0x00000000d5900000)
  from space 1024K, 50% used [0x00000000d5c80000,0x00000000d5d02010,0x00000000d5d80000)
  to   space 1024K, 0% used [0x00000000d5a80000,0x00000000d5a80000,0x00000000d5b80000)
 ParOldGen       total 275456K, used 275151K [0x0000000080000000, 0x0000000090d00000, 0x00000000d5580000)
  object space 275456K, 99% used [0x0000000080000000,0x0000000090cb3df8,0x0000000090d00000)
 Metaspace       used 70981K, committed 72512K, reserved 1114112K
  class space    used 7209K, committed 7808K, reserved 1048576K
}
Event: 839.498 GC heap before
{Heap before GC invocations=326 (full 3):
 PSYoungGen      total 4608K, used 4104K [0x00000000d5580000, 0x00000000d5d80000, 0x0000000100000000)
  eden space 3584K, 100% used [0x00000000d5580000,0x00000000d5900000,0x00000000d5900000)
  from space 1024K, 50% used [0x00000000d5c80000,0x00000000d5d02010,0x00000000d5d80000)
  to   space 1024K, 0% used [0x00000000d5a80000,0x00000000d5a80000,0x00000000d5b80000)
 ParOldGen       total 275456K, used 275151K [0x0000000080000000, 0x0000000090d00000, 0x00000000d5580000)
  object space 275456K, 99% used [0x0000000080000000,0x0000000090cb3df8,0x0000000090d00000)
 Metaspace       used 71003K, committed 72512K, reserved 1114112K
  class space    used 7209K, committed 7808K, reserved 1048576K
}
Event: 839.504 GC heap after
{Heap after GC invocations=326 (full 3):
 PSYoungGen      total 4608K, used 288K [0x00000000d5580000, 0x00000000d5d00000, 0x0000000100000000)
  eden space 3584K, 0% used [0x00000000d5580000,0x00000000d5580000,0x00000000d5900000)
  from space 1024K, 28% used [0x00000000d5a80000,0x00000000d5ac8000,0x00000000d5b80000)
  to   space 512K, 0% used [0x00000000d5c80000,0x00000000d5c80000,0x00000000d5d00000)
 ParOldGen       total 275456K, used 275418K [0x0000000080000000, 0x0000000090d00000, 0x00000000d5580000)
  object space 275456K, 99% used [0x0000000080000000,0x0000000090cf69c8,0x0000000090d00000)
 Metaspace       used 71003K, committed 72512K, reserved 1114112K
  class space    used 7209K, committed 7808K, reserved 1048576K
}
Event: 840.323 GC heap before
{Heap before GC invocations=327 (full 3):
 PSYoungGen      total 4608K, used 3861K [0x00000000d5580000, 0x00000000d5d00000, 0x0000000100000000)
  eden space 3584K, 99% used [0x00000000d5580000,0x00000000d58fd5a0,0x00000000d5900000)
  from space 1024K, 28% used [0x00000000d5a80000,0x00000000d5ac8000,0x00000000d5b80000)
  to   space 512K, 0% used [0x00000000d5c80000,0x00000000d5c80000,0x00000000d5d00000)
 ParOldGen       total 275456K, used 275418K [0x0000000080000000, 0x0000000090d00000, 0x00000000d5580000)
  object space 275456K, 99% used [0x0000000080000000,0x0000000090cf69c8,0x0000000090d00000)
 Metaspace       used 71107K, committed 72640K, reserved 1114112K
  class space    used 7221K, committed 7872K, reserved 1048576K
}
Event: 840.326 GC heap after
{Heap after GC invocations=327 (full 3):
 PSYoungGen      total 4096K, used 95K [0x00000000d5580000, 0x00000000d5d00000, 0x0000000100000000)
  eden space 3584K, 0% used [0x00000000d5580000,0x00000000d5580000,0x00000000d5900000)
  from space 512K, 18% used [0x00000000d5c80000,0x00000000d5c97d58,0x00000000d5d00000)
  to   space 512K, 0% used [0x00000000d5c00000,0x00000000d5c00000,0x00000000d5c80000)
 ParOldGen       total 275456K, used 275426K [0x0000000080000000, 0x0000000090d00000, 0x00000000d5580000)
  object space 275456K, 99% used [0x0000000080000000,0x0000000090cf89c8,0x0000000090d00000)
 Metaspace       used 71107K, committed 72640K, reserved 1114112K
  class space    used 7221K, committed 7872K, reserved 1048576K
}
Event: 840.835 GC heap before
{Heap before GC invocations=328 (full 3):
 PSYoungGen      total 4096K, used 3679K [0x00000000d5580000, 0x00000000d5d00000, 0x0000000100000000)
  eden space 3584K, 100% used [0x00000000d5580000,0x00000000d5900000,0x00000000d5900000)
  from space 512K, 18% used [0x00000000d5c80000,0x00000000d5c97d58,0x00000000d5d00000)
  to   space 512K, 0% used [0x00000000d5c00000,0x00000000d5c00000,0x00000000d5c80000)
 ParOldGen       total 275456K, used 275426K [0x0000000080000000, 0x0000000090d00000, 0x00000000d5580000)
  object space 275456K, 99% used [0x0000000080000000,0x0000000090cf89c8,0x0000000090d00000)
 Metaspace       used 71175K, committed 72704K, reserved 1114112K
  class space    used 7224K, committed 7872K, reserved 1048576K
}
Event: 840.839 GC heap after
{Heap after GC invocations=328 (full 3):
 PSYoungGen      total 4096K, used 480K [0x00000000d5580000, 0x00000000d5d00000, 0x0000000100000000)
  eden space 3584K, 0% used [0x00000000d5580000,0x00000000d5580000,0x00000000d5900000)
  from space 512K, 93% used [0x00000000d5c00000,0x00000000d5c78020,0x00000000d5c80000)
  to   space 512K, 0% used [0x00000000d5c80000,0x00000000d5c80000,0x00000000d5d00000)
 ParOldGen       total 275456K, used 275450K [0x0000000080000000, 0x0000000090d00000, 0x00000000d5580000)
  object space 275456K, 99% used [0x0000000080000000,0x0000000090cfe9c8,0x0000000090d00000)
 Metaspace       used 71175K, committed 72704K, reserved 1114112K
  class space    used 7224K, committed 7872K, reserved 1048576K
}
Event: 841.025 GC heap before
{Heap before GC invocations=329 (full 3):
 PSYoungGen      total 4096K, used 4064K [0x00000000d5580000, 0x00000000d5d00000, 0x0000000100000000)
  eden space 3584K, 100% used [0x00000000d5580000,0x00000000d5900000,0x00000000d5900000)
  from space 512K, 93% used [0x00000000d5c00000,0x00000000d5c78020,0x00000000d5c80000)
  to   space 512K, 0% used [0x00000000d5c80000,0x00000000d5c80000,0x00000000d5d00000)
 ParOldGen       total 275456K, used 275450K [0x0000000080000000, 0x0000000090d00000, 0x00000000d5580000)
  object space 275456K, 99% used [0x0000000080000000,0x0000000090cfe9c8,0x0000000090d00000)
 Metaspace       used 71199K, committed 72768K, reserved 1114112K
  class space    used 7224K, committed 7872K, reserved 1048576K
}
Event: 841.026 GC heap after
{Heap after GC invocations=329 (full 3):
 PSYoungGen      total 4096K, used 96K [0x00000000d5580000, 0x00000000d5d00000, 0x0000000100000000)
  eden space 3584K, 0% used [0x00000000d5580000,0x00000000d5580000,0x00000000d5900000)
  from space 512K, 18% used [0x00000000d5c80000,0x00000000d5c98000,0x00000000d5d00000)
  to   space 512K, 0% used [0x00000000d5c00000,0x00000000d5c00000,0x00000000d5c80000)
 ParOldGen       total 275968K, used 275892K [0x0000000080000000, 0x0000000090d80000, 0x00000000d5580000)
  object space 275968K, 99% used [0x0000000080000000,0x0000000090d6d368,0x0000000090d80000)
 Metaspace       used 71199K, committed 72768K, reserved 1114112K
  class space    used 7224K, committed 7872K, reserved 1048576K
}
Event: 842.336 GC heap before
{Heap before GC invocations=330 (full 3):
 PSYoungGen      total 4096K, used 3677K [0x00000000d5580000, 0x00000000d5d00000, 0x0000000100000000)
  eden space 3584K, 99% used [0x00000000d5580000,0x00000000d58ff6a0,0x00000000d5900000)
  from space 512K, 18% used [0x00000000d5c80000,0x00000000d5c98000,0x00000000d5d00000)
  to   space 512K, 0% used [0x00000000d5c00000,0x00000000d5c00000,0x00000000d5c80000)
 ParOldGen       total 275968K, used 275892K [0x0000000080000000, 0x0000000090d80000, 0x00000000d5580000)
  object space 275968K, 99% used [0x0000000080000000,0x0000000090d6d368,0x0000000090d80000)
 Metaspace       used 71324K, committed 72896K, reserved 1114112K
  class space    used 7231K, committed 7872K, reserved 1048576K
}
Event: 842.338 GC heap after
{Heap after GC invocations=330 (full 3):
 PSYoungGen      total 4096K, used 128K [0x00000000d5580000, 0x00000000d5d00000, 0x0000000100000000)
  eden space 3584K, 0% used [0x00000000d5580000,0x00000000d5580000,0x00000000d5900000)
  from space 512K, 25% used [0x00000000d5c00000,0x00000000d5c20020,0x00000000d5c80000)
  to   space 512K, 0% used [0x00000000d5c80000,0x00000000d5c80000,0x00000000d5d00000)
 ParOldGen       total 275968K, used 275900K [0x0000000080000000, 0x0000000090d80000, 0x00000000d5580000)
  object space 275968K, 99% used [0x0000000080000000,0x0000000090d6f368,0x0000000090d80000)
 Metaspace       used 71324K, committed 72896K, reserved 1114112K
  class space    used 7231K, committed 7872K, reserved 1048576K
}
Event: 842.541 GC heap before
{Heap before GC invocations=331 (full 3):
 PSYoungGen      total 4096K, used 3712K [0x00000000d5580000, 0x00000000d5d00000, 0x0000000100000000)
  eden space 3584K, 100% used [0x00000000d5580000,0x00000000d5900000,0x00000000d5900000)
  from space 512K, 25% used [0x00000000d5c00000,0x00000000d5c20020,0x00000000d5c80000)
  to   space 512K, 0% used [0x00000000d5c80000,0x00000000d5c80000,0x00000000d5d00000)
 ParOldGen       total 275968K, used 275900K [0x0000000080000000, 0x0000000090d80000, 0x00000000d5580000)
  object space 275968K, 99% used [0x0000000080000000,0x0000000090d6f368,0x0000000090d80000)
 Metaspace       used 71540K, committed 73088K, reserved 1179648K
  class space    used 7250K, committed 7872K, reserved 1048576K
}
Event: 842.545 GC heap after
{Heap after GC invocations=331 (full 3):
 PSYoungGen      total 4096K, used 512K [0x00000000d5580000, 0x00000000d5d00000, 0x0000000100000000)
  eden space 3584K, 0% used [0x00000000d5580000,0x00000000d5580000,0x00000000d5900000)
  from space 512K, 100% used [0x00000000d5c80000,0x00000000d5d00000,0x00000000d5d00000)
  to   space 1536K, 0% used [0x00000000d5a00000,0x00000000d5a00000,0x00000000d5b80000)
 ParOldGen       total 276480K, used 276295K [0x0000000080000000, 0x0000000090e00000, 0x00000000d5580000)
  object space 276480K, 99% used [0x0000000080000000,0x0000000090dd1f18,0x0000000090e00000)
 Metaspace       used 71540K, committed 73088K, reserved 1179648K
  class space    used 7250K, committed 7872K, reserved 1048576K
}
Event: 843.258 GC heap before
{Heap before GC invocations=332 (full 3):
 PSYoungGen      total 4096K, used 4096K [0x00000000d5580000, 0x00000000d5d00000, 0x0000000100000000)
  eden space 3584K, 100% used [0x00000000d5580000,0x00000000d5900000,0x00000000d5900000)
  from space 512K, 100% used [0x00000000d5c80000,0x00000000d5d00000,0x00000000d5d00000)
  to   space 1536K, 0% used [0x00000000d5a00000,0x00000000d5a00000,0x00000000d5b80000)
 ParOldGen       total 276480K, used 276295K [0x0000000080000000, 0x0000000090e00000, 0x00000000d5580000)
  object space 276480K, 99% used [0x0000000080000000,0x0000000090dd1f18,0x0000000090e00000)
 Metaspace       used 71825K, committed 73408K, reserved 1179648K
  class space    used 7284K, committed 7936K, reserved 1048576K
}
Event: 843.270 GC heap after
{Heap after GC invocations=332 (full 3):
 PSYoungGen      total 5120K, used 345K [0x00000000d5580000, 0x00000000d5d00000, 0x0000000100000000)
  eden space 3584K, 0% used [0x00000000d5580000,0x00000000d5580000,0x00000000d5900000)
  from space 1536K, 22% used [0x00000000d5a00000,0x00000000d5a565d8,0x00000000d5b80000)
  to   space 1024K, 0% used [0x00000000d5c00000,0x00000000d5c00000,0x00000000d5d00000)
 ParOldGen       total 276992K, used 276788K [0x0000000080000000, 0x0000000090e80000, 0x00000000d5580000)
  object space 276992K, 99% used [0x0000000080000000,0x0000000090e4d398,0x0000000090e80000)
 Metaspace       used 71825K, committed 73408K, reserved 1179648K
  class space    used 7284K, committed 7936K, reserved 1048576K
}
Event: 849.637 GC heap before
{Heap before GC invocations=333 (full 3):
 PSYoungGen      total 5120K, used 3929K [0x00000000d5580000, 0x00000000d5d00000, 0x0000000100000000)
  eden space 3584K, 100% used [0x00000000d5580000,0x00000000d5900000,0x00000000d5900000)
  from space 1536K, 22% used [0x00000000d5a00000,0x00000000d5a565d8,0x00000000d5b80000)
  to   space 1024K, 0% used [0x00000000d5c00000,0x00000000d5c00000,0x00000000d5d00000)
 ParOldGen       total 276992K, used 276788K [0x0000000080000000, 0x0000000090e80000, 0x00000000d5580000)
  object space 276992K, 99% used [0x0000000080000000,0x0000000090e4d398,0x0000000090e80000)
 Metaspace       used 72481K, committed 74176K, reserved 1179648K
  class space    used 7366K, committed 8064K, reserved 1048576K
}
Event: 849.661 GC heap after
{Heap after GC invocations=333 (full 3):
 PSYoungGen      total 4096K, used 192K [0x00000000d5580000, 0x00000000d5c80000, 0x0000000100000000)
  eden space 3584K, 0% used [0x00000000d5580000,0x00000000d5580000,0x00000000d5900000)
  from space 512K, 37% used [0x00000000d5c00000,0x00000000d5c30000,0x00000000d5c80000)
  to   space 512K, 0% used [0x00000000d5b80000,0x00000000d5b80000,0x00000000d5c00000)
 ParOldGen       total 277504K, used 277114K [0x0000000080000000, 0x0000000090f00000, 0x00000000d5580000)
  object space 277504K, 99% used [0x0000000080000000,0x0000000090e9e8b8,0x0000000090f00000)
 Metaspace       used 72481K, committed 74176K, reserved 1179648K
  class space    used 7366K, committed 8064K, reserved 1048576K
}

